<?xml version="1.0" encoding="UTF-8"?>
<testsuite name="com.ejercicio.services.FileCsvServiceTest" tests="5" skipped="0" failures="0" errors="0" timestamp="2019-03-21T15:08:29" hostname="LAP077" time="0.1">
  <properties/>
  <testcase name="writerCsv" classname="com.ejercicio.services.FileCsvServiceTest" time="0.025"/>
  <testcase name="testReaderRecordNotEmpty" classname="com.ejercicio.services.FileCsvServiceTest" time="0.071"/>
  <testcase name="loadProperties" classname="com.ejercicio.services.FileCsvServiceTest" time="0.0"/>
  <testcase name="testWriterNotNull" classname="com.ejercicio.services.FileCsvServiceTest" time="0.002"/>
  <testcase name="testReaderNotNull" classname="com.ejercicio.services.FileCsvServiceTest" time="0.001"/>
  <system-out><![CDATA[Region,Country,ItemType,Sales Channel,Order Priority,Order Date,Order ID
TEST,ESPAÃ‘A,,,,3/21/2019,2,3/21/2019,,,,,,

]]></system-out>
  <system-err><![CDATA[]]></system-err>
</testsuite>
