<?xml version="1.0" encoding="UTF-8"?>
<testsuite name="com.ejercicio.utils.ConexionTest" tests="4" skipped="0" failures="0" errors="0" timestamp="2019-03-21T15:08:29" hostname="LAP077" time="0.01">
  <properties/>
  <testcase name="crearConexion" classname="com.ejercicio.utils.ConexionTest" time="0.002"/>
  <testcase name="loadPropertiesCon" classname="com.ejercicio.utils.ConexionTest" time="0.0"/>
  <testcase name="closeCon" classname="com.ejercicio.utils.ConexionTest" time="0.005"/>
  <testcase name="pathProperties" classname="com.ejercicio.utils.ConexionTest" time="0.001"/>
  <system-out><![CDATA[]]></system-out>
  <system-err><![CDATA[]]></system-err>
</testsuite>
